This file contains any messages produced by compilers while
running configure, to aid debugging if configure makes a mistake.

It was created by rofi configure 0.15.12, which was
generated by GNU Autoconf 2.69.  Invocation command line was

  $ ./configure 

## --------- ##
## Platform. ##
## --------- ##

hostname = koval-pc
uname -m = x86_64
uname -r = 3.19.0-43-generic
uname -s = Linux
uname -v = #49-Ubuntu SMP Sun Dec 27 19:43:07 UTC 2015

/usr/bin/uname -p = unknown
/bin/uname -X     = unknown

/bin/arch              = unknown
/usr/bin/arch -k       = unknown
/usr/convex/getsysinfo = unknown
/usr/bin/hostinfo      = unknown
/bin/machine           = unknown
/usr/bin/oslevel       = unknown
/bin/universe          = unknown

PATH: /usr/local/sbin
PATH: /usr/local/bin
PATH: /usr/sbin
PATH: /usr/bin
PATH: /sbin
PATH: /bin


## ----------- ##
## Core tests. ##
## ----------- ##

configure:2252: checking for a BSD-compatible install
configure:2320: result: /usr/bin/install -c
configure:2331: checking whether build environment is sane
configure:2386: result: yes
configure:2537: checking for a thread-safe mkdir -p
configure:2576: result: /bin/mkdir -p
configure:2583: checking for gawk
configure:2599: found /usr/bin/gawk
configure:2610: result: gawk
configure:2621: checking whether make sets $(MAKE)
configure:2643: result: yes
configure:2672: checking whether make supports nested variables
configure:2689: result: yes
configure:2826: checking whether make supports nested variables
configure:2843: result: yes
configure:2909: checking for clang
configure:2939: result: no
configure:2909: checking for gcc
configure:2925: found /usr/bin/gcc
configure:2936: result: gcc
configure:2967: checking for C compiler version
configure:2976: gcc --version >&5
gcc (Ubuntu 4.9.2-10ubuntu13) 4.9.2
Copyright (C) 2014 Free Software Foundation, Inc.
This is free software; see the source for copying conditions.  There is NO
warranty; not even for MERCHANTABILITY or FITNESS FOR A PARTICULAR PURPOSE.

configure:2987: $? = 0
configure:2976: gcc -v >&5
Using built-in specs.
COLLECT_GCC=gcc
COLLECT_LTO_WRAPPER=/usr/lib/gcc/x86_64-linux-gnu/4.9/lto-wrapper
Target: x86_64-linux-gnu
Configured with: ../src/configure -v --with-pkgversion='Ubuntu 4.9.2-10ubuntu13' --with-bugurl=file:///usr/share/doc/gcc-4.9/README.Bugs --enable-languages=c,c++,java,go,d,fortran,objc,obj-c++ --prefix=/usr --program-suffix=-4.9 --enable-shared --enable-linker-build-id --libexecdir=/usr/lib --without-included-gettext --enable-threads=posix --with-gxx-include-dir=/usr/include/c++/4.9 --libdir=/usr/lib --enable-nls --with-sysroot=/ --enable-clocale=gnu --enable-libstdcxx-debug --enable-libstdcxx-time=yes --enable-gnu-unique-object --disable-vtable-verify --enable-plugin --with-system-zlib --disable-browser-plugin --enable-java-awt=gtk --enable-gtk-cairo --with-java-home=/usr/lib/jvm/java-1.5.0-gcj-4.9-amd64/jre --enable-java-home --with-jvm-root-dir=/usr/lib/jvm/java-1.5.0-gcj-4.9-amd64 --with-jvm-jar-dir=/usr/lib/jvm-exports/java-1.5.0-gcj-4.9-amd64 --with-arch-directory=amd64 --with-ecj-jar=/usr/share/java/eclipse-ecj.jar --enable-objc-gc --enable-multiarch --disable-werror --with-arch-32=i686 --with-abi=m64 --with-multilib-list=m32,m64,mx32 --enable-multilib --with-tune=generic --enable-checking=release --build=x86_64-linux-gnu --host=x86_64-linux-gnu --target=x86_64-linux-gnu
Thread model: posix
gcc version 4.9.2 (Ubuntu 4.9.2-10ubuntu13) 
configure:2987: $? = 0
configure:2976: gcc -V >&5
gcc: error: unrecognized command line option '-V'
gcc: fatal error: no input files
compilation terminated.
configure:2987: $? = 4
configure:2976: gcc -qversion >&5
gcc: error: unrecognized command line option '-qversion'
gcc: fatal error: no input files
compilation terminated.
configure:2987: $? = 4
configure:3007: checking whether the C compiler works
configure:3029: gcc    conftest.c  >&5
configure:3033: $? = 0
configure:3081: result: yes
configure:3084: checking for C compiler default output file name
configure:3086: result: a.out
configure:3092: checking for suffix of executables
configure:3099: gcc -o conftest    conftest.c  >&5
configure:3103: $? = 0
configure:3125: result: 
configure:3147: checking whether we are cross compiling
configure:3155: gcc -o conftest    conftest.c  >&5
configure:3159: $? = 0
configure:3166: ./conftest
configure:3170: $? = 0
configure:3185: result: no
configure:3190: checking for suffix of object files
configure:3212: gcc -c   conftest.c >&5
configure:3216: $? = 0
configure:3237: result: o
configure:3241: checking whether we are using the GNU C compiler
configure:3260: gcc -c   conftest.c >&5
configure:3260: $? = 0
configure:3269: result: yes
configure:3278: checking whether gcc accepts -g
configure:3298: gcc -c -g  conftest.c >&5
configure:3298: $? = 0
configure:3339: result: yes
configure:3356: checking for gcc option to accept ISO C89
configure:3419: gcc  -c -g -O2  conftest.c >&5
configure:3419: $? = 0
configure:3432: result: none needed
configure:3457: checking whether gcc understands -c and -o together
configure:3479: gcc -c conftest.c -o conftest2.o
configure:3482: $? = 0
configure:3479: gcc -c conftest.c -o conftest2.o
configure:3482: $? = 0
configure:3494: result: yes
configure:3522: checking for style of include used by make
configure:3550: result: GNU
configure:3576: checking dependency style of gcc
configure:3687: result: gcc3
configure:3703: checking for gcc option to accept ISO C99
configure:3852: gcc  -c -g -O2  conftest.c >&5
conftest.c:61:29: error: expected ';', ',' or ')' before 'text'
 test_restrict (ccp restrict text)
                             ^
conftest.c: In function 'main':
conftest.c:115:18: error: expected '=', ',', ';', 'asm' or '__attribute__' before 'newvar'
   char *restrict newvar = "Another string";
                  ^
conftest.c:115:18: error: 'newvar' undeclared (first use in this function)
conftest.c:115:18: note: each undeclared identifier is reported only once for each function it appears in
conftest.c:125:3: error: 'for' loop initial declarations are only allowed in C99 or C11 mode
   for (int i = 0; i < ia->datasize; ++i)
   ^
conftest.c:125:3: note: use option -std=c99, -std=gnu99, -std=c11 or -std=gnu11 to compile your code
configure:3852: $? = 1
configure: failed program was:
| /* confdefs.h */
| #define PACKAGE_NAME "rofi"
| #define PACKAGE_TARNAME "rofi"
| #define PACKAGE_VERSION "0.15.12"
| #define PACKAGE_STRING "rofi 0.15.12"
| #define PACKAGE_BUGREPORT "https://github.com/DaveDavenport/rofi/"
| #define PACKAGE_URL ""
| #define PACKAGE "rofi"
| #define VERSION "0.15.12"
| /* end confdefs.h.  */
| #include <stdarg.h>
| #include <stdbool.h>
| #include <stdlib.h>
| #include <wchar.h>
| #include <stdio.h>
| 
| // Check varargs macros.  These examples are taken from C99 6.10.3.5.
| #define debug(...) fprintf (stderr, __VA_ARGS__)
| #define showlist(...) puts (#__VA_ARGS__)
| #define report(test,...) ((test) ? puts (#test) : printf (__VA_ARGS__))
| static void
| test_varargs_macros (void)
| {
|   int x = 1234;
|   int y = 5678;
|   debug ("Flag");
|   debug ("X = %d\n", x);
|   showlist (The first, second, and third items.);
|   report (x>y, "x is %d but y is %d", x, y);
| }
| 
| // Check long long types.
| #define BIG64 18446744073709551615ull
| #define BIG32 4294967295ul
| #define BIG_OK (BIG64 / BIG32 == 4294967297ull && BIG64 % BIG32 == 0)
| #if !BIG_OK
|   your preprocessor is broken;
| #endif
| #if BIG_OK
| #else
|   your preprocessor is broken;
| #endif
| static long long int bignum = -9223372036854775807LL;
| static unsigned long long int ubignum = BIG64;
| 
| struct incomplete_array
| {
|   int datasize;
|   double data[];
| };
| 
| struct named_init {
|   int number;
|   const wchar_t *name;
|   double average;
| };
| 
| typedef const char *ccp;
| 
| static inline int
| test_restrict (ccp restrict text)
| {
|   // See if C++-style comments work.
|   // Iterate through items via the restricted pointer.
|   // Also check for declarations in for loops.
|   for (unsigned int i = 0; *(text+i) != '\0'; ++i)
|     continue;
|   return 0;
| }
| 
| // Check varargs and va_copy.
| static void
| test_varargs (const char *format, ...)
| {
|   va_list args;
|   va_start (args, format);
|   va_list args_copy;
|   va_copy (args_copy, args);
| 
|   const char *str;
|   int number;
|   float fnumber;
| 
|   while (*format)
|     {
|       switch (*format++)
| 	{
| 	case 's': // string
| 	  str = va_arg (args_copy, const char *);
| 	  break;
| 	case 'd': // int
| 	  number = va_arg (args_copy, int);
| 	  break;
| 	case 'f': // float
| 	  fnumber = va_arg (args_copy, double);
| 	  break;
| 	default:
| 	  break;
| 	}
|     }
|   va_end (args_copy);
|   va_end (args);
| }
| 
| int
| main ()
| {
| 
|   // Check bool.
|   _Bool success = false;
| 
|   // Check restrict.
|   if (test_restrict ("String literal") == 0)
|     success = true;
|   char *restrict newvar = "Another string";
| 
|   // Check varargs.
|   test_varargs ("s, d' f .", "string", 65, 34.234);
|   test_varargs_macros ();
| 
|   // Check flexible array members.
|   struct incomplete_array *ia =
|     malloc (sizeof (struct incomplete_array) + (sizeof (double) * 10));
|   ia->datasize = 10;
|   for (int i = 0; i < ia->datasize; ++i)
|     ia->data[i] = i * 1.234;
| 
|   // Check named initializers.
|   struct named_init ni = {
|     .number = 34,
|     .name = L"Test wide string",
|     .average = 543.34343,
|   };
| 
|   ni.number = 58;
| 
|   int dynamic_array[ni.number];
|   dynamic_array[ni.number - 1] = 543;
| 
|   // work around unused variable warnings
|   return (!success || bignum == 0LL || ubignum == 0uLL || newvar[0] == 'x'
| 	  || dynamic_array[ni.number - 1] != 543);
| 
|   ;
|   return 0;
| }
configure:3852: gcc -std=gnu99 -c -g -O2  conftest.c >&5
configure:3852: $? = 0
configure:3872: result: -std=gnu99
configure:3889: checking how to run the C preprocessor
configure:3920: gcc -std=gnu99 -E  conftest.c
configure:3920: $? = 0
configure:3934: gcc -std=gnu99 -E  conftest.c
conftest.c:11:28: fatal error: ac_nonexistent.h: No such file or directory
 #include <ac_nonexistent.h>
                            ^
compilation terminated.
configure:3934: $? = 1
configure: failed program was:
| /* confdefs.h */
| #define PACKAGE_NAME "rofi"
| #define PACKAGE_TARNAME "rofi"
| #define PACKAGE_VERSION "0.15.12"
| #define PACKAGE_STRING "rofi 0.15.12"
| #define PACKAGE_BUGREPORT "https://github.com/DaveDavenport/rofi/"
| #define PACKAGE_URL ""
| #define PACKAGE "rofi"
| #define VERSION "0.15.12"
| /* end confdefs.h.  */
| #include <ac_nonexistent.h>
configure:3959: result: gcc -std=gnu99 -E
configure:3979: gcc -std=gnu99 -E  conftest.c
configure:3979: $? = 0
configure:3993: gcc -std=gnu99 -E  conftest.c
conftest.c:11:28: fatal error: ac_nonexistent.h: No such file or directory
 #include <ac_nonexistent.h>
                            ^
compilation terminated.
configure:3993: $? = 1
configure: failed program was:
| /* confdefs.h */
| #define PACKAGE_NAME "rofi"
| #define PACKAGE_TARNAME "rofi"
| #define PACKAGE_VERSION "0.15.12"
| #define PACKAGE_STRING "rofi 0.15.12"
| #define PACKAGE_BUGREPORT "https://github.com/DaveDavenport/rofi/"
| #define PACKAGE_URL ""
| #define PACKAGE "rofi"
| #define VERSION "0.15.12"
| /* end confdefs.h.  */
| #include <ac_nonexistent.h>
configure:4022: checking for grep that handles long lines and -e
configure:4080: result: /bin/grep
configure:4085: checking for egrep
configure:4147: result: /bin/grep -E
configure:4152: checking for ANSI C header files
configure:4172: gcc -std=gnu99 -c -g -O2  conftest.c >&5
configure:4172: $? = 0
configure:4245: gcc -std=gnu99 -o conftest -g -O2   conftest.c  >&5
configure:4245: $? = 0
configure:4245: ./conftest
configure:4245: $? = 0
configure:4256: result: yes
configure:4269: checking for sys/types.h
configure:4269: gcc -std=gnu99 -c -g -O2  conftest.c >&5
configure:4269: $? = 0
configure:4269: result: yes
configure:4269: checking for sys/stat.h
configure:4269: gcc -std=gnu99 -c -g -O2  conftest.c >&5
configure:4269: $? = 0
configure:4269: result: yes
configure:4269: checking for stdlib.h
configure:4269: gcc -std=gnu99 -c -g -O2  conftest.c >&5
configure:4269: $? = 0
configure:4269: result: yes
configure:4269: checking for string.h
configure:4269: gcc -std=gnu99 -c -g -O2  conftest.c >&5
configure:4269: $? = 0
configure:4269: result: yes
configure:4269: checking for memory.h
configure:4269: gcc -std=gnu99 -c -g -O2  conftest.c >&5
configure:4269: $? = 0
configure:4269: result: yes
configure:4269: checking for strings.h
configure:4269: gcc -std=gnu99 -c -g -O2  conftest.c >&5
configure:4269: $? = 0
configure:4269: result: yes
configure:4269: checking for inttypes.h
configure:4269: gcc -std=gnu99 -c -g -O2  conftest.c >&5
configure:4269: $? = 0
configure:4269: result: yes
configure:4269: checking for stdint.h
configure:4269: gcc -std=gnu99 -c -g -O2  conftest.c >&5
configure:4269: $? = 0
configure:4269: result: yes
configure:4269: checking for unistd.h
configure:4269: gcc -std=gnu99 -c -g -O2  conftest.c >&5
configure:4269: $? = 0
configure:4269: result: yes
configure:4282: checking minix/config.h usability
configure:4282: gcc -std=gnu99 -c -g -O2  conftest.c >&5
conftest.c:54:26: fatal error: minix/config.h: No such file or directory
 #include <minix/config.h>
                          ^
compilation terminated.
configure:4282: $? = 1
configure: failed program was:
| /* confdefs.h */
| #define PACKAGE_NAME "rofi"
| #define PACKAGE_TARNAME "rofi"
| #define PACKAGE_VERSION "0.15.12"
| #define PACKAGE_STRING "rofi 0.15.12"
| #define PACKAGE_BUGREPORT "https://github.com/DaveDavenport/rofi/"
| #define PACKAGE_URL ""
| #define PACKAGE "rofi"
| #define VERSION "0.15.12"
| #define STDC_HEADERS 1
| #define HAVE_SYS_TYPES_H 1
| #define HAVE_SYS_STAT_H 1
| #define HAVE_STDLIB_H 1
| #define HAVE_STRING_H 1
| #define HAVE_MEMORY_H 1
| #define HAVE_STRINGS_H 1
| #define HAVE_INTTYPES_H 1
| #define HAVE_STDINT_H 1
| #define HAVE_UNISTD_H 1
| /* end confdefs.h.  */
| #include <stdio.h>
| #ifdef HAVE_SYS_TYPES_H
| # include <sys/types.h>
| #endif
| #ifdef HAVE_SYS_STAT_H
| # include <sys/stat.h>
| #endif
| #ifdef STDC_HEADERS
| # include <stdlib.h>
| # include <stddef.h>
| #else
| # ifdef HAVE_STDLIB_H
| #  include <stdlib.h>
| # endif
| #endif
| #ifdef HAVE_STRING_H
| # if !defined STDC_HEADERS && defined HAVE_MEMORY_H
| #  include <memory.h>
| # endif
| # include <string.h>
| #endif
| #ifdef HAVE_STRINGS_H
| # include <strings.h>
| #endif
| #ifdef HAVE_INTTYPES_H
| # include <inttypes.h>
| #endif
| #ifdef HAVE_STDINT_H
| # include <stdint.h>
| #endif
| #ifdef HAVE_UNISTD_H
| # include <unistd.h>
| #endif
| #include <minix/config.h>
configure:4282: result: no
configure:4282: checking minix/config.h presence
configure:4282: gcc -std=gnu99 -E  conftest.c
conftest.c:21:26: fatal error: minix/config.h: No such file or directory
 #include <minix/config.h>
                          ^
compilation terminated.
configure:4282: $? = 1
configure: failed program was:
| /* confdefs.h */
| #define PACKAGE_NAME "rofi"
| #define PACKAGE_TARNAME "rofi"
| #define PACKAGE_VERSION "0.15.12"
| #define PACKAGE_STRING "rofi 0.15.12"
| #define PACKAGE_BUGREPORT "https://github.com/DaveDavenport/rofi/"
| #define PACKAGE_URL ""
| #define PACKAGE "rofi"
| #define VERSION "0.15.12"
| #define STDC_HEADERS 1
| #define HAVE_SYS_TYPES_H 1
| #define HAVE_SYS_STAT_H 1
| #define HAVE_STDLIB_H 1
| #define HAVE_STRING_H 1
| #define HAVE_MEMORY_H 1
| #define HAVE_STRINGS_H 1
| #define HAVE_INTTYPES_H 1
| #define HAVE_STDINT_H 1
| #define HAVE_UNISTD_H 1
| /* end confdefs.h.  */
| #include <minix/config.h>
configure:4282: result: no
configure:4282: checking for minix/config.h
configure:4282: result: no
configure:4303: checking whether it is safe to define __EXTENSIONS__
configure:4321: gcc -std=gnu99 -c -g -O2  conftest.c >&5
configure:4321: $? = 0
configure:4328: result: yes
configure:4373: checking i3/ipc.h usability
configure:4373: gcc -std=gnu99 -c -g -O2  conftest.c >&5
configure:4373: $? = 0
configure:4373: result: yes
configure:4373: checking i3/ipc.h presence
configure:4373: gcc -std=gnu99 -E  conftest.c
configure:4373: $? = 0
configure:4373: result: yes
configure:4373: checking for i3/ipc.h
configure:4373: result: yes
configure:4386: checking for getdelim
configure:4386: gcc -std=gnu99 -o conftest -g -O2   conftest.c  >&5
configure:4386: $? = 0
configure:4386: result: yes
configure:4393: checking for sysconf
configure:4393: gcc -std=gnu99 -o conftest -g -O2   conftest.c  >&5
configure:4393: $? = 0
configure:4393: result: yes
configure:4455: checking for pkg-config
configure:4473: found /usr/bin/pkg-config
configure:4485: result: /usr/bin/pkg-config
configure:4510: checking pkg-config is at least version 0.9.0
configure:4513: result: yes
configure:4525: checking for glib
configure:4532: $PKG_CONFIG --exists --print-errors "glib-2.0 >= 2.40"
configure:4535: $? = 0
configure:4549: $PKG_CONFIG --exists --print-errors "glib-2.0 >= 2.40"
configure:4552: $? = 0
configure:4610: result: yes
configure:4616: checking for x11
configure:4623: $PKG_CONFIG --exists --print-errors "x11"
configure:4626: $? = 0
configure:4640: $PKG_CONFIG --exists --print-errors "x11"
configure:4643: $? = 0
configure:4701: result: yes
configure:4707: checking for xinerama
configure:4714: $PKG_CONFIG --exists --print-errors "xinerama"
configure:4717: $? = 0
configure:4731: $PKG_CONFIG --exists --print-errors "xinerama"
configure:4734: $? = 0
configure:4792: result: yes
configure:4798: checking for pango
configure:4805: $PKG_CONFIG --exists --print-errors "pango pangocairo"
configure:4808: $? = 0
configure:4822: $PKG_CONFIG --exists --print-errors "pango pangocairo"
configure:4825: $? = 0
configure:4883: result: yes
configure:4889: checking for cairo
configure:4896: $PKG_CONFIG --exists --print-errors "cairo cairo-xlib"
configure:4899: $? = 0
configure:4913: $PKG_CONFIG --exists --print-errors "cairo cairo-xlib"
configure:4916: $? = 0
configure:4974: result: yes
configure:4980: checking for libsn
configure:4987: $PKG_CONFIG --exists --print-errors "libstartup-notification-1.0"
configure:4990: $? = 0
configure:5004: $PKG_CONFIG --exists --print-errors "libstartup-notification-1.0"
configure:5007: $? = 0
configure:5065: result: yes
configure:5185: checking that generated files are newer than configure
configure:5191: result: done
configure:5214: creating ./config.status

## ---------------------- ##
## Running config.status. ##
## ---------------------- ##

This file was extended by rofi config.status 0.15.12, which was
generated by GNU Autoconf 2.69.  Invocation command line was

  CONFIG_FILES    = 
  CONFIG_HEADERS  = 
  CONFIG_LINKS    = 
  CONFIG_COMMANDS = 
  $ ./config.status 

on koval-pc

config.status:877: creating Makefile
config.status:877: creating config.h
config.status:1106: executing depfiles commands

## ---------------- ##
## Cache variables. ##
## ---------------- ##

ac_cv_c_compiler_gnu=yes
ac_cv_env_CC_set=
ac_cv_env_CC_value=
ac_cv_env_CFLAGS_set=
ac_cv_env_CFLAGS_value=
ac_cv_env_CPPFLAGS_set=
ac_cv_env_CPPFLAGS_value=
ac_cv_env_CPP_set=
ac_cv_env_CPP_value=
ac_cv_env_LDFLAGS_set=
ac_cv_env_LDFLAGS_value=
ac_cv_env_LIBS_set=
ac_cv_env_LIBS_value=
ac_cv_env_PKG_CONFIG_LIBDIR_set=
ac_cv_env_PKG_CONFIG_LIBDIR_value=
ac_cv_env_PKG_CONFIG_PATH_set=
ac_cv_env_PKG_CONFIG_PATH_value=
ac_cv_env_PKG_CONFIG_set=
ac_cv_env_PKG_CONFIG_value=
ac_cv_env_build_alias_set=
ac_cv_env_build_alias_value=
ac_cv_env_cairo_CFLAGS_set=
ac_cv_env_cairo_CFLAGS_value=
ac_cv_env_cairo_LIBS_set=
ac_cv_env_cairo_LIBS_value=
ac_cv_env_glib_CFLAGS_set=
ac_cv_env_glib_CFLAGS_value=
ac_cv_env_glib_LIBS_set=
ac_cv_env_glib_LIBS_value=
ac_cv_env_host_alias_set=
ac_cv_env_host_alias_value=
ac_cv_env_libsn_CFLAGS_set=
ac_cv_env_libsn_CFLAGS_value=
ac_cv_env_libsn_LIBS_set=
ac_cv_env_libsn_LIBS_value=
ac_cv_env_pango_CFLAGS_set=
ac_cv_env_pango_CFLAGS_value=
ac_cv_env_pango_LIBS_set=
ac_cv_env_pango_LIBS_value=
ac_cv_env_target_alias_set=
ac_cv_env_target_alias_value=
ac_cv_env_x11_CFLAGS_set=
ac_cv_env_x11_CFLAGS_value=
ac_cv_env_x11_LIBS_set=
ac_cv_env_x11_LIBS_value=
ac_cv_env_xinerama_CFLAGS_set=
ac_cv_env_xinerama_CFLAGS_value=
ac_cv_env_xinerama_LIBS_set=
ac_cv_env_xinerama_LIBS_value=
ac_cv_func_getdelim=yes
ac_cv_func_sysconf=yes
ac_cv_header_i3_ipc_h=yes
ac_cv_header_inttypes_h=yes
ac_cv_header_memory_h=yes
ac_cv_header_minix_config_h=no
ac_cv_header_stdc=yes
ac_cv_header_stdint_h=yes
ac_cv_header_stdlib_h=yes
ac_cv_header_string_h=yes
ac_cv_header_strings_h=yes
ac_cv_header_sys_stat_h=yes
ac_cv_header_sys_types_h=yes
ac_cv_header_unistd_h=yes
ac_cv_objext=o
ac_cv_path_EGREP='/bin/grep -E'
ac_cv_path_GREP=/bin/grep
ac_cv_path_ac_pt_PKG_CONFIG=/usr/bin/pkg-config
ac_cv_path_install='/usr/bin/install -c'
ac_cv_path_mkdir=/bin/mkdir
ac_cv_prog_AWK=gawk
ac_cv_prog_CPP='gcc -std=gnu99 -E'
ac_cv_prog_ac_ct_CC=gcc
ac_cv_prog_cc_c89=
ac_cv_prog_cc_c99=-std=gnu99
ac_cv_prog_cc_g=yes
ac_cv_prog_make_make_set=yes
ac_cv_safe_to_define___extensions__=yes
am_cv_CC_dependencies_compiler_type=gcc3
am_cv_make_support_nested_variables=yes
am_cv_prog_cc_c_o=yes
pkg_cv_cairo_CFLAGS='-I/usr/include/cairo -I/usr/include/glib-2.0 -I/usr/lib/x86_64-linux-gnu/glib-2.0/include -I/usr/include/pixman-1 -I/usr/include/freetype2 -I/usr/include/libpng12 '
pkg_cv_cairo_LIBS='-lcairo -lX11 -lXext '
pkg_cv_glib_CFLAGS='-I/usr/include/glib-2.0 -I/usr/lib/x86_64-linux-gnu/glib-2.0/include '
pkg_cv_glib_LIBS='-lglib-2.0 '
pkg_cv_libsn_CFLAGS='-I/usr/include/startup-notification-1.0 '
pkg_cv_libsn_LIBS='-lstartup-notification-1 '
pkg_cv_pango_CFLAGS='-pthread -I/usr/include/pango-1.0 -I/usr/include/cairo -I/usr/include/glib-2.0 -I/usr/lib/x86_64-linux-gnu/glib-2.0/include -I/usr/include/pixman-1 -I/usr/include/freetype2 -I/usr/include/libpng12 '
pkg_cv_pango_LIBS='-lpangocairo-1.0 -lpango-1.0 -lgobject-2.0 -lglib-2.0 -lcairo '
pkg_cv_x11_CFLAGS=
pkg_cv_x11_LIBS='-lX11 '
pkg_cv_xinerama_CFLAGS=
pkg_cv_xinerama_LIBS='-lXinerama '

## ----------------- ##
## Output variables. ##
## ----------------- ##

ACLOCAL='${SHELL} /home/koval/i3wm-files/rofi-0.15.12/missing aclocal-1.14'
AMDEPBACKSLASH='\'
AMDEP_FALSE='#'
AMDEP_TRUE=''
AMTAR='$${TAR-tar}'
AM_BACKSLASH='\'
AM_DEFAULT_V='$(AM_DEFAULT_VERBOSITY)'
AM_DEFAULT_VERBOSITY='0'
AM_V='$(V)'
AUTOCONF='${SHELL} /home/koval/i3wm-files/rofi-0.15.12/missing autoconf'
AUTOHEADER='${SHELL} /home/koval/i3wm-files/rofi-0.15.12/missing autoheader'
AUTOMAKE='${SHELL} /home/koval/i3wm-files/rofi-0.15.12/missing automake-1.14'
AWK='gawk'
CC='gcc -std=gnu99'
CCDEPMODE='depmode=gcc3'
CFLAGS='-g -O2'
CPP='gcc -std=gnu99 -E'
CPPFLAGS=''
CYGPATH_W='echo'
DEFS='-DHAVE_CONFIG_H'
DEPDIR='.deps'
ECHO_C=''
ECHO_N='-n'
ECHO_T=''
EGREP='/bin/grep -E'
EXEEXT=''
EXTRA_CFLAGS='-Wall -Wextra -Wparentheses -Winline -pedantic'
GREP='/bin/grep'
INSTALL_DATA='${INSTALL} -m 644'
INSTALL_PROGRAM='${INSTALL}'
INSTALL_SCRIPT='${INSTALL}'
INSTALL_STRIP_PROGRAM='$(install_sh) -c -s'
LDFLAGS=''
LIBOBJS=''
LIBS=''
LTLIBOBJS=''
MAKEINFO='${SHELL} /home/koval/i3wm-files/rofi-0.15.12/missing makeinfo'
MKDIR_P='/bin/mkdir -p'
OBJEXT='o'
PACKAGE='rofi'
PACKAGE_BUGREPORT='https://github.com/DaveDavenport/rofi/'
PACKAGE_NAME='rofi'
PACKAGE_STRING='rofi 0.15.12'
PACKAGE_TARNAME='rofi'
PACKAGE_URL=''
PACKAGE_VERSION='0.15.12'
PATH_SEPARATOR=':'
PKG_CONFIG='/usr/bin/pkg-config'
PKG_CONFIG_LIBDIR=''
PKG_CONFIG_PATH=''
SET_MAKE=''
SHELL='/bin/bash'
STRIP=''
VERSION='0.15.12'
ac_ct_CC='gcc'
am__EXEEXT_FALSE=''
am__EXEEXT_TRUE='#'
am__fastdepCC_FALSE='#'
am__fastdepCC_TRUE=''
am__include='include'
am__isrc=''
am__leading_dot='.'
am__nodep='_no'
am__quote=''
am__tar='$${TAR-tar} chof - "$$tardir"'
am__untar='$${TAR-tar} xf -'
bindir='${exec_prefix}/bin'
build_alias=''
cairo_CFLAGS='-I/usr/include/cairo -I/usr/include/glib-2.0 -I/usr/lib/x86_64-linux-gnu/glib-2.0/include -I/usr/include/pixman-1 -I/usr/include/freetype2 -I/usr/include/libpng12 '
cairo_LIBS='-lcairo -lX11 -lXext '
datadir='${datarootdir}'
datarootdir='${prefix}/share'
docdir='${datarootdir}/doc/${PACKAGE_TARNAME}'
dvidir='${docdir}'
exec_prefix='${prefix}'
glib_CFLAGS='-I/usr/include/glib-2.0 -I/usr/lib/x86_64-linux-gnu/glib-2.0/include '
glib_LIBS='-lglib-2.0 '
host_alias=''
htmldir='${docdir}'
includedir='${prefix}/include'
infodir='${datarootdir}/info'
install_sh='${SHELL} /home/koval/i3wm-files/rofi-0.15.12/install-sh'
libdir='${exec_prefix}/lib'
libexecdir='${exec_prefix}/libexec'
libsn_CFLAGS='-I/usr/include/startup-notification-1.0 '
libsn_LIBS='-lstartup-notification-1 '
localedir='${datarootdir}/locale'
localstatedir='${prefix}/var'
mandir='${datarootdir}/man'
mkdir_p='$(MKDIR_P)'
oldincludedir='/usr/include'
pango_CFLAGS='-pthread -I/usr/include/pango-1.0 -I/usr/include/cairo -I/usr/include/glib-2.0 -I/usr/lib/x86_64-linux-gnu/glib-2.0/include -I/usr/include/pixman-1 -I/usr/include/freetype2 -I/usr/include/libpng12 '
pango_LIBS='-lpangocairo-1.0 -lpango-1.0 -lgobject-2.0 -lglib-2.0 -lcairo '
pdfdir='${docdir}'
prefix='/usr/local'
program_transform_name='s,x,x,'
psdir='${docdir}'
sbindir='${exec_prefix}/sbin'
sharedstatedir='${prefix}/com'
sysconfdir='${prefix}/etc'
target_alias=''
x11_CFLAGS=''
x11_LIBS='-lX11 '
xinerama_CFLAGS=''
xinerama_LIBS='-lXinerama '

## ----------- ##
## confdefs.h. ##
## ----------- ##

/* confdefs.h */
#define PACKAGE_NAME "rofi"
#define PACKAGE_TARNAME "rofi"
#define PACKAGE_VERSION "0.15.12"
#define PACKAGE_STRING "rofi 0.15.12"
#define PACKAGE_BUGREPORT "https://github.com/DaveDavenport/rofi/"
#define PACKAGE_URL ""
#define PACKAGE "rofi"
#define VERSION "0.15.12"
#define STDC_HEADERS 1
#define HAVE_SYS_TYPES_H 1
#define HAVE_SYS_STAT_H 1
#define HAVE_STDLIB_H 1
#define HAVE_STRING_H 1
#define HAVE_MEMORY_H 1
#define HAVE_STRINGS_H 1
#define HAVE_INTTYPES_H 1
#define HAVE_STDINT_H 1
#define HAVE_UNISTD_H 1
#define __EXTENSIONS__ 1
#define _ALL_SOURCE 1
#define _GNU_SOURCE 1
#define _POSIX_PTHREAD_SEMANTICS 1
#define _TANDEM_SOURCE 1
#define WINDOW_MODE 1
#define HAVE_I3_IPC_H 1

configure: exit 0

## ---------------------- ##
## Running config.status. ##
## ---------------------- ##

This file was extended by rofi config.status 0.15.12, which was
generated by GNU Autoconf 2.69.  Invocation command line was

  CONFIG_FILES    = 
  CONFIG_HEADERS  = 
  CONFIG_LINKS    = 
  CONFIG_COMMANDS = 
  $ ./config.status config.h

on koval-pc

config.status:877: creating config.h
config.status:1058: config.h is unchanged
